18:06:15:011 [main] INFO  testCases.TC001_AccountRegistrationTest -Validating expected message..
18:06:15:076 [main] INFO  testCases.TC001_AccountRegistrationTest -Finished TC001_AccountRegistrationTest
18:06:18:193 [main] INFO  testCases.TC002_LoginTest -***Starting TC_002_LoginTest****
18:06:19:590 [main] INFO  testCases.TC002_LoginTest -***Finished TC_002_LoginTest****
18:09:52:759 [main] INFO  org.testng.internal.Utils -[TestNG] Running:
  C:\workplace\Java\Opencartv121\grouping.xml

18:09:57:063 [main] INFO  testCases.TC001_AccountRegistrationTest -***Starting TC001_AccountRegistrationTest ***
18:09:57:132 [main] INFO  testCases.TC001_AccountRegistrationTest -Clicked on MyAccount Link
18:09:57:702 [main] INFO  testCases.TC001_AccountRegistrationTest -Clicked on Register Link
18:09:57:705 [main] INFO  testCases.TC001_AccountRegistrationTest -Providing customer details..
18:09:58:800 [main] INFO  testCases.TC001_AccountRegistrationTest -Validating expected message..
18:09:58:848 [main] INFO  testCases.TC001_AccountRegistrationTest -Finished TC001_AccountRegistrationTest
18:10:02:067 [main] INFO  testCases.TC002_LoginTest -***Starting TC_002_LoginTest****
18:10:03:318 [main] INFO  testCases.TC002_LoginTest -***Finished TC_002_LoginTest****
18:14:30:085 [main] INFO  org.testng.internal.Utils -[TestNG] Running:
  C:\workplace\Java\Opencartv121\grouping.xml

18:14:47:081 [main] INFO  testCases.TC001_AccountRegistrationTest -***Starting TC001_AccountRegistrationTest ***
18:14:47:201 [main] INFO  testCases.TC001_AccountRegistrationTest -Clicked on MyAccount Link
18:14:51:549 [main] INFO  testCases.TC001_AccountRegistrationTest -Clicked on Register Link
18:14:51:551 [main] INFO  testCases.TC001_AccountRegistrationTest -Providing customer details..
18:14:54:220 [main] INFO  testCases.TC001_AccountRegistrationTest -Validating expected message..
18:14:54:268 [main] INFO  testCases.TC001_AccountRegistrationTest -Finished TC001_AccountRegistrationTest
18:15:00:673 [main] INFO  testCases.TC002_LoginTest -***Starting TC_002_LoginTest****
18:17:18:685 [main] INFO  org.testng.internal.Utils -[TestNG] Running:
  C:\workplace\Java\Opencartv121\grouping.xml

18:17:26:258 [main] INFO  testCases.TC001_AccountRegistrationTest -***Starting TC001_AccountRegistrationTest ***
18:17:26:383 [main] INFO  testCases.TC001_AccountRegistrationTest -Clicked on MyAccount Link
18:17:27:326 [main] INFO  testCases.TC001_AccountRegistrationTest -Clicked on Register Link
18:17:27:329 [main] INFO  testCases.TC001_AccountRegistrationTest -Providing customer details..
18:17:29:227 [main] INFO  testCases.TC001_AccountRegistrationTest -Validating expected message..
18:17:29:291 [main] INFO  testCases.TC001_AccountRegistrationTest -Finished TC001_AccountRegistrationTest
18:17:37:058 [main] INFO  testCases.TC002_LoginTest -***Starting TC_002_LoginTest****
18:17:38:798 [main] INFO  testCases.TC002_LoginTest -***Finished TC_002_LoginTest****
18:24:13:255 [main] INFO  org.testng.internal.Utils -[TestNG] Running:
  C:\workplace\Java\Opencartv121\grouping.xml

14:25:25:749 [main] INFO  org.testng.internal.Utils -[TestNG] Running:
  C:\workplace\Java\Opencartv121\master.xml

14:25:38:927 [main] INFO  testCases.TC001_AccountRegistrationTest -***Starting TC001_AccountRegistrationTest ***
14:25:39:011 [main] INFO  testCases.TC001_AccountRegistrationTest -Clicked on MyAccount Link
14:25:39:753 [main] INFO  testCases.TC001_AccountRegistrationTest -Clicked on Register Link
14:25:39:759 [main] INFO  testCases.TC001_AccountRegistrationTest -Providing customer details..
14:25:41:057 [main] INFO  testCases.TC001_AccountRegistrationTest -Validating expected message..
14:25:41:098 [main] INFO  testCases.TC001_AccountRegistrationTest -Finished TC001_AccountRegistrationTest
14:25:45:686 [main] INFO  testCases.TC002_LoginTest -***Starting TC_002_LoginTest****
14:25:47:009 [main] INFO  testCases.TC002_LoginTest -***Finished TC_002_LoginTest****
14:28:10:808 [main] INFO  org.testng.internal.Utils -[TestNG] Running:
  C:\workplace\Java\Opencartv121\master.xml

14:29:22:650 [main] INFO  org.testng.internal.Utils -[TestNG] Running:
  C:\workplace\Java\Opencartv121\master.xml

14:31:23:776 [main] INFO  org.testng.internal.Utils -[TestNG] Running:
  C:\workplace\Java\Opencartv121\master.xml

14:39:40:005 [main] INFO  org.testng.internal.Utils -[TestNG] Running:
  C:\workplace\Java\Opencartv121\master.xml

14:40:48:470 [main] INFO  org.testng.internal.Utils -[TestNG] Running:
  C:\workplace\Java\Opencartv121\master.xml

14:41:15:627 [main] INFO  testCases.TC001_AccountRegistrationTest -***Starting TC001_AccountRegistrationTest ***
14:41:15:759 [main] INFO  testCases.TC001_AccountRegistrationTest -Clicked on MyAccount Link
14:41:18:375 [main] INFO  testCases.TC001_AccountRegistrationTest -Clicked on Register Link
14:41:18:378 [main] INFO  testCases.TC001_AccountRegistrationTest -Providing customer details..
14:41:20:299 [main] INFO  testCases.TC001_AccountRegistrationTest -Validating expected message..
