11:16:25:253 [main] INFO  org.testng.internal.Utils -[TestNG] Running:
  C:\workplace\Java\Opencartv121\master.xml

11:16:31:439 [main] INFO  testCases.TC001_AccountRegistrationTest -***** Starting TC001_AccountRegistrationTest  ****
11:16:31:516 [main] INFO  testCases.TC001_AccountRegistrationTest -Clicked on MyAccount Link.. 
11:16:32:068 [main] INFO  testCases.TC001_AccountRegistrationTest -Clicked on Register Link.. 
11:16:32:076 [main] INFO  testCases.TC001_AccountRegistrationTest -Providing customer details...
11:16:33:234 [main] INFO  testCases.TC001_AccountRegistrationTest -Validating expected message..
11:16:33:276 [main] INFO  testCases.TC001_AccountRegistrationTest -Test passed
11:16:33:276 [main] INFO  testCases.TC001_AccountRegistrationTest -***** Finished TC001_AccountRegistrationTest *****
11:16:36:179 [main] INFO  testCases.TC002_LoginTest -***Starting TC_002_LoginTest****
11:16:37:484 [main] INFO  testCases.TC002_LoginTest -***Finished TC_002_LoginTest****
12:40:34:535 [main] INFO  org.testng.internal.Utils -[TestNG] Running:
  C:\workplace\Java\Opencartv121\master.xml

12:40:41:558 [main] INFO  testCases.TC004_SearchProductTest -***Starting of TC004_SearchProductTest***
12:40:42:305 [main] INFO  testCases.TC004_SearchProductTest -***Ending of TC004_SearchProductTest***
12:54:47:953 [main] INFO  org.testng.internal.Utils -[TestNG] Running:
  C:\workplace\Java\Opencartv121\master.xml

12:54:52:489 [main] INFO  testCases.TC004_SearchProductTest -***Starting of TC004_SearchProductTest***
12:59:38:644 [main] INFO  org.testng.internal.Utils -[TestNG] Running:
  C:\workplace\Java\Opencartv121\master.xml

12:59:43:478 [main] INFO  testCases.TC004_SearchProductTest -***Starting of TC004_SearchProductTest***
13:01:01:853 [main] INFO  org.testng.internal.Utils -[TestNG] Running:
  C:\workplace\Java\Opencartv121\master.xml

13:01:06:419 [main] INFO  testCases.TC004_SearchProductTest -***Starting of TC004_SearchProductTest***
13:01:07:178 [main] INFO  testCases.TC004_SearchProductTest -***Ending of TC004_SearchProductTest***
15:46:45:590 [main] INFO  org.testng.internal.Utils -[TestNG] Running:
  C:\workplace\Java\Opencartv121\master.xml

15:46:51:547 [main] INFO  testCases.TC005_AddToCartPageTest -***Starting TC_005_AddToCartPageTest***
