14:50:46:207 [main] INFO  org.testng.internal.Utils -[TestNG] Running:
  C:\workplace\Java\Opencartv121\master.xml

14:51:12:120 [main] INFO  testCases.TC001_AccountRegistrationTest -***Starting TC001_AccountRegistrationTest ***
14:51:12:192 [main] INFO  testCases.TC001_AccountRegistrationTest -Clicked on MyAccount Link
14:51:13:924 [main] INFO  testCases.TC001_AccountRegistrationTest -Clicked on Register Link
14:51:13:929 [main] INFO  testCases.TC001_AccountRegistrationTest -Providing customer details..
14:51:15:737 [main] INFO  testCases.TC001_AccountRegistrationTest -Validating expected message..
14:51:15:782 [main] INFO  testCases.TC001_AccountRegistrationTest -Finished TC001_AccountRegistrationTest
14:51:23:122 [main] INFO  testCases.TC002_LoginTest -***Starting TC_002_LoginTest****
14:51:25:385 [main] INFO  testCases.TC002_LoginTest -***Finished TC_002_LoginTest****
15:17:03:638 [main] INFO  testCases.TC001_AccountRegistrationTest -***Starting TC001_AccountRegistrationTest ***
15:17:03:737 [main] INFO  testCases.TC001_AccountRegistrationTest -Clicked on MyAccount Link
15:17:04:422 [main] INFO  testCases.TC001_AccountRegistrationTest -Clicked on Register Link
15:17:04:424 [main] INFO  testCases.TC001_AccountRegistrationTest -Providing customer details..
15:17:05:629 [main] INFO  testCases.TC001_AccountRegistrationTest -Validating expected message..
15:17:05:672 [main] INFO  testCases.TC001_AccountRegistrationTest -Finished TC001_AccountRegistrationTest
15:17:09:489 [main] INFO  testCases.TC002_LoginTest -***Starting TC_002_LoginTest****
15:17:10:893 [main] INFO  testCases.TC002_LoginTest -***Finished TC_002_LoginTest****
15:44:24:618 [main] INFO  testCases.TC001_AccountRegistrationTest -***Starting TC001_AccountRegistrationTest ***
15:44:24:723 [main] INFO  testCases.TC001_AccountRegistrationTest -Clicked on MyAccount Link
15:44:25:326 [main] INFO  testCases.TC001_AccountRegistrationTest -Clicked on Register Link
15:44:25:329 [main] INFO  testCases.TC001_AccountRegistrationTest -Providing customer details..
15:44:26:486 [main] INFO  testCases.TC001_AccountRegistrationTest -Validating expected message..
15:44:26:516 [main] INFO  testCases.TC001_AccountRegistrationTest -Finished TC001_AccountRegistrationTest
15:44:29:720 [main] INFO  testCases.TC002_LoginTest -***Starting TC_002_LoginTest****
15:44:31:170 [main] INFO  testCases.TC002_LoginTest -***Finished TC_002_LoginTest****
15:58:11:876 [main] INFO  testCases.TC001_AccountRegistrationTest -***Starting TC001_AccountRegistrationTest ***
15:58:11:955 [main] INFO  testCases.TC001_AccountRegistrationTest -Clicked on MyAccount Link
15:58:12:601 [main] INFO  testCases.TC001_AccountRegistrationTest -Clicked on Register Link
15:58:12:603 [main] INFO  testCases.TC001_AccountRegistrationTest -Providing customer details..
15:58:13:795 [main] INFO  testCases.TC001_AccountRegistrationTest -Validating expected message..
15:58:13:834 [main] INFO  testCases.TC001_AccountRegistrationTest -Finished TC001_AccountRegistrationTest
15:58:17:901 [main] INFO  testCases.TC002_LoginTest -***Starting TC_002_LoginTest****
15:58:19:249 [main] INFO  testCases.TC002_LoginTest -***Finished TC_002_LoginTest****
13:10:15:457 [main] INFO  org.testng.internal.Utils -[TestNG] Running:
  C:\workplace\Java\Opencartv121\master.xml

13:10:39:372 [main] INFO  testCases.TC001_AccountRegistrationTest -***Starting TC001_AccountRegistrationTest ***
13:10:39:439 [main] INFO  testCases.TC001_AccountRegistrationTest -Clicked on MyAccount Link
13:10:40:399 [main] INFO  testCases.TC001_AccountRegistrationTest -Clicked on Register Link
13:10:40:403 [main] INFO  testCases.TC001_AccountRegistrationTest -Providing customer details..
13:10:44:574 [main] INFO  testCases.TC002_LoginTest -***Starting TC_002_LoginTest****
13:10:46:007 [main] INFO  testCases.TC002_LoginTest -***Finished TC_002_LoginTest****
13:16:56:018 [main] INFO  org.testng.internal.Utils -[TestNG] Running:
  C:\workplace\Java\Opencartv121\master.xml

13:17:00:656 [main] INFO  testCases.TC001_AccountRegistrationTest -***** Starting TC001_AccountRegistrationTest  ****
13:17:00:737 [main] INFO  testCases.TC001_AccountRegistrationTest -Clicked on MyAccount Link.. 
13:17:01:494 [main] INFO  testCases.TC001_AccountRegistrationTest -Clicked on Register Link.. 
13:17:01:496 [main] INFO  testCases.TC001_AccountRegistrationTest -Providing customer details...
13:17:02:841 [main] INFO  testCases.TC001_AccountRegistrationTest -Validating expected message..
13:17:02:903 [main] INFO  testCases.TC001_AccountRegistrationTest -Test passed
13:17:02:905 [main] INFO  testCases.TC001_AccountRegistrationTest -***** Finished TC001_AccountRegistrationTest *****
13:17:06:177 [main] INFO  testCases.TC002_LoginTest -***Starting TC_002_LoginTest****
13:17:07:916 [main] INFO  testCases.TC002_LoginTest -***Finished TC_002_LoginTest****
11:15:40:120 [main] INFO  org.testng.internal.Utils -[TestNG] Running:
  C:\workplace\Java\Opencartv121\master.xml

