14:41:20:353 [main] INFO  testCases.TC001_AccountRegistrationTest -Finished TC001_AccountRegistrationTest
14:41:26:432 [main] INFO  testCases.TC002_LoginTest -***Starting TC_002_LoginTest****
14:41:27:834 [main] INFO  testCases.TC002_LoginTest -***Finished TC_002_LoginTest****
14:50:24:729 [main] INFO  org.testng.internal.Utils -[TestNG] Running:
  C:\workplace\Java\Opencartv121\grouping.xml

14:50:47:448 [main] INFO  testCases.TC001_AccountRegistrationTest -***Starting TC001_AccountRegistrationTest ***
14:50:47:631 [main] INFO  testCases.TC001_AccountRegistrationTest -Clicked on MyAccount Link
14:50:49:099 [main] INFO  testCases.TC001_AccountRegistrationTest -Clicked on Register Link
14:50:49:099 [main] INFO  testCases.TC001_AccountRegistrationTest -Providing customer details..
14:50:52:226 [main] INFO  testCases.TC001_AccountRegistrationTest -Validating expected message..
14:50:52:267 [main] INFO  testCases.TC001_AccountRegistrationTest -Finished TC001_AccountRegistrationTest
14:50:59:169 [main] INFO  testCases.TC002_LoginTest -***Starting TC_002_LoginTest****
14:51:01:485 [main] INFO  testCases.TC002_LoginTest -***Finished TC_002_LoginTest****
14:53:51:747 [main] INFO  org.testng.internal.Utils -[TestNG] Running:
  C:\workplace\Java\Opencartv121\master.xml

14:59:48:404 [main] INFO  org.testng.internal.Utils -[TestNG] Running:
  C:\workplace\Java\Opencartv121\master.xml

15:16:02:940 [main] INFO  org.testng.internal.Utils -[TestNG] Running:
  C:\workplace\Java\Opencartv121\master.xml

15:18:10:182 [main] INFO  org.testng.internal.Utils -[TestNG] Running:
  C:\workplace\Java\Opencartv121\master.xml

15:19:27:336 [main] INFO  org.testng.internal.Utils -[TestNG] Running:
  C:\workplace\Java\Opencartv121\master.xml

16:14:40:113 [main] INFO  org.testng.internal.Utils -[TestNG] Running:
  C:\workplace\Java\Opencartv121\master.xml

16:14:46:149 [main] INFO  testCases.TC001_AccountRegistrationTest -***Starting TC001_AccountRegistrationTest ***
16:14:46:394 [main] INFO  testCases.TC001_AccountRegistrationTest -Clicked on MyAccount Link
16:14:46:926 [main] INFO  testCases.TC001_AccountRegistrationTest -Clicked on Register Link
16:14:46:930 [main] INFO  testCases.TC001_AccountRegistrationTest -Providing customer details..
16:14:48:041 [main] INFO  testCases.TC001_AccountRegistrationTest -Validating expected message..
16:14:48:085 [main] INFO  testCases.TC001_AccountRegistrationTest -Finished TC001_AccountRegistrationTest
16:14:50:862 [main] INFO  testCases.TC002_LoginTest -***Starting TC_002_LoginTest****
16:14:52:156 [main] INFO  testCases.TC002_LoginTest -***Finished TC_002_LoginTest****
16:15:11:835 [main] INFO  org.testng.internal.Utils -[TestNG] Running:
  C:\workplace\Java\Opencartv121\master.xml

16:20:30:195 [main] INFO  org.testng.internal.Utils -[TestNG] Running:
  C:\workplace\Java\Opencartv121\master.xml

16:22:18:308 [main] INFO  org.testng.internal.Utils -[TestNG] Running:
  C:\workplace\Java\Opencartv121\master.xml

16:22:52:921 [main] INFO  org.testng.internal.Utils -[TestNG] Running:
  C:\workplace\Java\Opencartv121\master.xml

19:06:10:815 [main] INFO  org.testng.internal.Utils -[TestNG] Running:
  C:\workplace\Java\Opencartv121\grid-docker.xml

19:09:59:398 [main] INFO  org.testng.internal.Utils -[TestNG] Running:
  C:\workplace\Java\Opencartv121\grid-docker.xml

11:05:29:912 [main] INFO  org.testng.internal.Utils -[TestNG] Running:
  C:\workplace\Java\Opencartv121\grid-docker.xml

11:08:27:946 [main] INFO  org.testng.internal.Utils -[TestNG] Running:
  C:\workplace\Java\Opencartv121\master.xml

11:08:47:931 [main] INFO  org.testng.internal.Utils -[TestNG] Running:
  C:\workplace\Java\Opencartv121\master.xml

11:09:01:033 [main] INFO  testCases.TC001_AccountRegistrationTest -***Starting TC001_AccountRegistrationTest ***
11:09:01:097 [main] INFO  testCases.TC001_AccountRegistrationTest -Clicked on MyAccount Link
11:09:01:550 [main] INFO  testCases.TC001_AccountRegistrationTest -Clicked on Register Link
11:09:01:557 [main] INFO  testCases.TC001_AccountRegistrationTest -Providing customer details..
11:09:02:745 [main] INFO  testCases.TC001_AccountRegistrationTest -Validating expected message..
11:09:02:782 [main] INFO  testCases.TC001_AccountRegistrationTest -Finished TC001_AccountRegistrationTest
11:09:05:480 [main] INFO  testCases.TC002_LoginTest -***Starting TC_002_LoginTest****
11:09:06:973 [main] INFO  testCases.TC002_LoginTest -***Finished TC_002_LoginTest****
11:19:17:390 [main] INFO  org.testng.internal.Utils -[TestNG] Running:
  C:\workplace\Java\Opencartv121\master.xml

11:20:51:452 [main] INFO  org.testng.internal.Utils -[TestNG] Running:
  C:\workplace\Java\Opencartv121\master.xml

11:21:30:713 [main] INFO  org.testng.internal.Utils -[TestNG] Running:
  C:\workplace\Java\Opencartv121\master.xml

11:22:52:369 [main] INFO  org.testng.internal.Utils -[TestNG] Running:
  C:\workplace\Java\Opencartv121\master.xml

11:56:07:075 [main] INFO  org.testng.internal.Utils -[TestNG] Running:
  C:\workplace\Java\Opencartv121\master.xml

