13:20:58:298 [main] INFO  org.testng.internal.Utils -[TestNG] Running:
  C:\workplace\Java\Opencartv121\master.xml

13:21:54:481 [main] INFO  org.testng.internal.Utils -[TestNG] Running:
  C:\workplace\Java\Opencartv121\master.xml

13:23:54:892 [main] INFO  org.testng.internal.Utils -[TestNG] Running:
  C:\workplace\Java\Opencartv121\master.xml

14:27:35:049 [main] INFO  org.testng.internal.Utils -[TestNG] Running:
  C:\workplace\Java\Opencartv121\master.xml

14:27:44:328 [main] INFO  testCases.TC001_AccountRegistrationTest -***Starting TC001_AccountRegistrationTest ***
14:27:44:484 [main] INFO  testCases.TC001_AccountRegistrationTest -Clicked on MyAccount Link
14:27:45:364 [main] INFO  testCases.TC001_AccountRegistrationTest -Clicked on Register Link
14:27:45:369 [main] INFO  testCases.TC001_AccountRegistrationTest -Providing customer details..
14:27:46:866 [main] INFO  testCases.TC001_AccountRegistrationTest -Validating expected message..
14:27:46:918 [main] INFO  testCases.TC001_AccountRegistrationTest -Finished TC001_AccountRegistrationTest
14:27:52:416 [main] INFO  testCases.TC002_LoginTest -***Starting TC_002_LoginTest****
14:27:54:300 [main] INFO  testCases.TC002_LoginTest -***Finished TC_002_LoginTest****
14:32:52:462 [main] INFO  org.testng.internal.Utils -[TestNG] Running:
  C:\workplace\Java\Opencartv121\master.xml

14:37:01:395 [main] INFO  org.testng.internal.Utils -[TestNG] Running:
  C:\workplace\Java\Opencartv121\master.xml

14:51:40:524 [main] INFO  org.testng.internal.Utils -[TestNG] Running:
  C:\workplace\Java\Opencartv121\master.xml

15:42:16:991 [main] INFO  org.testng.internal.Utils -[TestNG] Running:
  C:\workplace\Java\Opencartv121\master.xml

15:46:39:109 [main] INFO  org.testng.internal.Utils -[TestNG] Running:
  C:\workplace\Java\Opencartv121\master.xml

15:55:45:816 [main] INFO  org.testng.internal.Utils -[TestNG] Running:
  C:\workplace\Java\Opencartv121\master.xml

15:56:03:968 [main] INFO  org.testng.internal.Utils -[TestNG] Running:
  C:\workplace\Java\Opencartv121\master.xml

17:14:47:233 [main] INFO  org.testng.internal.Utils -[TestNG] Running:
  C:\workplace\Java\Opencartv121\master.xml

17:16:07:307 [main] INFO  org.testng.internal.Utils -[TestNG] Running:
  C:\workplace\Java\Opencartv121\master.xml

11:13:56:702 [main] INFO  org.testng.internal.Utils -[TestNG] Running:
  C:\workplace\Java\Opencartv121\master.xml

11:14:58:943 [main] INFO  org.testng.internal.Utils -[TestNG] Running:
  C:\workplace\Java\Opencartv121\master.xml

11:16:04:170 [main] INFO  org.testng.internal.Utils -[TestNG] Running:
  C:\workplace\Java\Opencartv121\master.xml

11:18:13:890 [main] INFO  org.testng.internal.Utils -[TestNG] Running:
  C:\workplace\Java\Opencartv121\master.xml

11:18:21:955 [main] INFO  testCases.TC001_AccountRegistrationTest -***Starting TC001_AccountRegistrationTest ***
11:18:22:053 [main] INFO  testCases.TC001_AccountRegistrationTest -Clicked on MyAccount Link
11:18:22:878 [main] INFO  testCases.TC001_AccountRegistrationTest -Clicked on Register Link
11:18:22:886 [main] INFO  testCases.TC001_AccountRegistrationTest -Providing customer details..
11:18:24:520 [main] INFO  testCases.TC001_AccountRegistrationTest -Validating expected message..
11:18:24:564 [main] INFO  testCases.TC001_AccountRegistrationTest -Finished TC001_AccountRegistrationTest
11:18:28:065 [main] INFO  testCases.TC002_LoginTest -***Starting TC_002_LoginTest****
11:18:29:472 [main] INFO  testCases.TC002_LoginTest -***Finished TC_002_LoginTest****
14:02:12:902 [main] INFO  org.testng.internal.Utils -[TestNG] Running:
  C:\workplace\Java\Opencartv121\master.xml

14:22:01:087 [main] INFO  org.testng.internal.Utils -[TestNG] Running:
  C:\workplace\Java\Opencartv121\master.xml

14:22:32:888 [main] INFO  org.testng.internal.Utils -[TestNG] Running:
  C:\workplace\Java\Opencartv121\master.xml

14:23:57:739 [main] INFO  org.testng.internal.Utils -[TestNG] Running:
  C:\workplace\Java\Opencartv121\master.xml

14:24:58:060 [main] INFO  org.testng.internal.Utils -[TestNG] Running:
  C:\workplace\Java\Opencartv121\master.xml

14:32:14:206 [main] INFO  org.testng.internal.Utils -[TestNG] Running:
  C:\workplace\Java\Opencartv121\master.xml

14:32:21:702 [main] INFO  testCases.TC001_AccountRegistrationTest -***Starting TC001_AccountRegistrationTest ***
14:32:21:809 [main] INFO  testCases.TC001_AccountRegistrationTest -Clicked on MyAccount Link
14:32:22:404 [main] INFO  testCases.TC001_AccountRegistrationTest -Clicked on Register Link
14:32:22:407 [main] INFO  testCases.TC001_AccountRegistrationTest -Providing customer details..
14:32:23:759 [main] INFO  testCases.TC001_AccountRegistrationTest -Validating expected message..
14:32:23:815 [main] INFO  testCases.TC001_AccountRegistrationTest -Finished TC001_AccountRegistrationTest
14:32:26:760 [main] INFO  testCases.TC002_LoginTest -***Starting TC_002_LoginTest****
14:32:28:248 [main] INFO  testCases.TC002_LoginTest -***Finished TC_002_LoginTest****
